#
# A fatal error has been detected by the Java Runtime Environment:
#
#  EXCEPTION_ACCESS_VIOLATION (0xc0000005) at pc=0x00007ffbd4ececdd, pid=12020, tid=0x0000000000003ec0
#
# JRE version: Java(TM) SE Runtime Environment (8.0_131-b11) (build 1.8.0_131-b11)
# Java VM: Java HotSpot(TM) 64-Bit Server VM (25.131-b11 mixed mode windows-amd64 compressed oops)
# Problematic frame:
# C  [lwjgl_opengl.dll+0xecdd]
#
# Failed to write core dump. Minidumps are not enabled by default on client versions of Windows
#
# If you would like to submit a bug report, please visit:
#   http://bugreport.java.com/bugreport/crash.jsp
# The crash happened outside the Java Virtual Machine in native code.
# See problematic frame for where to report the bug.
#

---------------  T H R E A D  ---------------

Current thread (0x000000001a9a1800):  JavaThread "Game" [_thread_in_native, id=16064, stack(0x000000001b190000,0x000000001b290000)]

siginfo: ExceptionCode=0xc0000005, reading address 0x0000000000000f00

Registers:
RAX=0x0000000055be0d50, RBX=0x00000000177fb350, RCX=0x0000000000000001, RDX=0x000000001accbfcc
RSP=0x000000001b28f448, RBP=0x000000001b28f4c8, RSI=0x0000000000000188, RDI=0x0000000002d17e70
R8 =0x0000000000000001, R9 =0x000000001accbfcc, R10=0x0000000000000000, R11=0x000000005566bd80
R12=0x0000000000000000, R13=0x00000000177fb350, R14=0x000000001b28f4f8, R15=0x000000001a9a1800
RIP=0x00007ffbd4ececdd, EFLAGS=0x0000000000010206

Top of Stack: (sp=0x000000001b28f448)
0x000000001b28f448:   0000000002d27f74 0000000002d17e70
0x000000001b28f458:   0000000002d27ceb 000000001a9a1800
0x000000001b28f468:   00000000177fb350 0000000000000188
0x000000001b28f478:   000000001a9a1800 0000000002d27ca2
0x000000001b28f488:   000000001b28f488 00000000177fb350
0x000000001b28f498:   000000001b28f4f8 000000001781e950
0x000000001b28f4a8:   0000000000000000 00000000177fb350
0x000000001b28f4b8:   0000000000000000 000000001b28f4e8
0x000000001b28f4c8:   000000001b28f540 0000000002d1835d
0x000000001b28f4d8:   00000000d7369c50 0000000002d219d8
0x000000001b28f4e8:   000000001accbfcc 00000000d7c9e018
0x000000001b28f4f8:   0000000000000001 000000001b28f500
0x000000001b28f508:   00000000177fb4a4 000000001b28f570
0x000000001b28f518:   000000001781e950 0000000000000000
0x000000001b28f528:   00000000177fb508 000000001b28f4e8
0x000000001b28f538:   000000001b28f578 000000001b28f5c0 

Instructions: (pc=0x00007ffbd4ececdd)
0x00007ffbd4ececbd:   00 41 8b c8 48 ff e0 cc cc cc cc cc cc cc cc cc
0x00007ffbd4ececcd:   cc cc cc 48 8b 01 49 8b d1 41 8b c8 4c 8b 50 18
0x00007ffbd4ececdd:   49 ff a2 00 0f 00 00 cc cc cc cc cc cc cc cc cc
0x00007ffbd4ececed:   cc cc cc 48 8b 01 49 8b d1 41 8b c8 4c 8b 50 18 


Register to memory mapping:

RAX=0x0000000055be0d50 is an unknown value
RBX={method} {0x00000000177fb358} 'nglGenTextures' '(IJ)V' in 'org/lwjgl/opengl/GL11'
RCX=0x0000000000000001 is an unknown value
RDX=0x000000001accbfcc is an unknown value
RSP=0x000000001b28f448 is pointing into the stack for thread: 0x000000001a9a1800
RBP=0x000000001b28f4c8 is pointing into the stack for thread: 0x000000001a9a1800
RSI=0x0000000000000188 is an unknown value
RDI=0x0000000002d17e70 is at code_begin+1040 in an Interpreter codelet
invoke return entry points  [0x0000000002d17a60, 0x0000000002d18440]  2528 bytes
R8 =0x0000000000000001 is an unknown value
R9 =0x000000001accbfcc is an unknown value
R10=0x0000000000000000 is an unknown value
R11=0x000000005566bd80 is an unknown value
R12=0x0000000000000000 is an unknown value
R13={method} {0x00000000177fb358} 'nglGenTextures' '(IJ)V' in 'org/lwjgl/opengl/GL11'
R14=0x000000001b28f4f8 is pointing into the stack for thread: 0x000000001a9a1800
R15=0x000000001a9a1800 is a thread


Stack: [0x000000001b190000,0x000000001b290000],  sp=0x000000001b28f448,  free space=1021k
Native frames: (J=compiled Java code, j=interpreted, Vv=VM code, C=native code)
C  [lwjgl_opengl.dll+0xecdd]

Java frames: (J=compiled Java code, j=interpreted, Vv=VM code)
j  org.lwjgl.opengl.GL11.nglGenTextures(IJ)V+0
j  org.lwjgl.opengl.GL11.glGenTextures()I+20
j  com.devground.render.Texture.<init>(Ljava/lang/String;)V+187
j  com.devground.main.Main.init()V+7
j  com.devground.main.Main.run()V+1
j  java.lang.Thread.run()V+11
v  ~StubRoutines::call_stub

---------------  P R O C E S S  ---------------

Java Threads: ( => current thread )
  0x000000001ac12000 JavaThread "Java2D Disposer" daemon [_thread_blocked, id=5744, stack(0x000000001b360000,0x000000001b460000)]
  0x0000000002c15800 JavaThread "DestroyJavaVM" [_thread_blocked, id=12796, stack(0x0000000002540000,0x0000000002640000)]
=>0x000000001a9a1800 JavaThread "Game" [_thread_in_native, id=16064, stack(0x000000001b190000,0x000000001b290000)]
  0x0000000019f5c800 JavaThread "Service Thread" daemon [_thread_blocked, id=6280, stack(0x000000001a790000,0x000000001a890000)]
  0x0000000019eaa800 JavaThread "C1 CompilerThread3" daemon [_thread_blocked, id=7352, stack(0x000000001a690000,0x000000001a790000)]
  0x0000000019ea9000 JavaThread "C2 CompilerThread2" daemon [_thread_blocked, id=7608, stack(0x000000001a590000,0x000000001a690000)]
  0x0000000019ea6000 JavaThread "C2 CompilerThread1" daemon [_thread_blocked, id=14748, stack(0x000000001a490000,0x000000001a590000)]
  0x0000000019ea1800 JavaThread "C2 CompilerThread0" daemon [_thread_blocked, id=3856, stack(0x000000001a390000,0x000000001a490000)]
  0x0000000019ea0000 JavaThread "Monitor Ctrl-Break" daemon [_thread_in_native, id=19460, stack(0x000000001a290000,0x000000001a390000)]
  0x0000000019c20800 JavaThread "Attach Listener" daemon [_thread_blocked, id=8672, stack(0x000000001a190000,0x000000001a290000)]
  0x0000000019bcb000 JavaThread "Signal Dispatcher" daemon [_thread_blocked, id=14164, stack(0x000000001a090000,0x000000001a190000)]
  0x0000000019bb0800 JavaThread "Finalizer" daemon [_thread_blocked, id=17392, stack(0x0000000019f90000,0x000000001a090000)]
  0x0000000002d0b000 JavaThread "Reference Handler" daemon [_thread_blocked, id=19012, stack(0x0000000019a90000,0x0000000019b90000)]

Other Threads:
  0x0000000017cb9000 VMThread [stack: 0x0000000019990000,0x0000000019a90000] [id=13160]
  0x0000000019f8e800 WatcherThread [stack: 0x000000001b090000,0x000000001b190000] [id=16860]

VM state:not at safepoint (normal execution)

VM Mutex/Monitor currently owned by a thread: None

Heap:
 PSYoungGen      total 38400K, used 32863K [0x00000000d5d00000, 0x00000000d8780000, 0x0000000100000000)
  eden space 33280K, 98% used [0x00000000d5d00000,0x00000000d7d17ea8,0x00000000d7d80000)
  from space 5120K, 0% used [0x00000000d8280000,0x00000000d8280000,0x00000000d8780000)
  to   space 5120K, 0% used [0x00000000d7d80000,0x00000000d7d80000,0x00000000d8280000)
 ParOldGen       total 87552K, used 0K [0x0000000081600000, 0x0000000086b80000, 0x00000000d5d00000)
  object space 87552K, 0% used [0x0000000081600000,0x0000000081600000,0x0000000086b80000)
 Metaspace       used 7454K, capacity 7726K, committed 7936K, reserved 1056768K
  class space    used 818K, capacity 903K, committed 1024K, reserved 1048576K

Card table byte_map: [0x00000000120d0000,0x00000000124d0000] byte_map_base: 0x0000000011cc5000

Marking Bits: (ParMarkBitMap*) 0x0000000055c5c720
 Begin Bits: [0x0000000012f80000, 0x0000000014f28000)
 End Bits:   [0x0000000014f28000, 0x0000000016ed0000)

Polling page: 0x0000000000d50000

CodeCache: size=245760Kb used=2260Kb max_used=2260Kb free=243499Kb
 bounds [0x0000000002d10000, 0x0000000002f80000, 0x0000000011d10000]
 total_blobs=899 nmethods=511 adapters=301
 compilation: enabled

Compilation events (10 events):
Event: 0.604 Thread 0x0000000019eaa800  502       1       java.net.URL::getUserInfo (5 bytes)
Event: 0.604 Thread 0x0000000019eaa800 nmethod 502 0x0000000002f41ad0 code [0x0000000002f41c20, 0x0000000002f41d30]
Event: 0.604 Thread 0x0000000019eaa800  503       3       java.lang.String::regionMatches (149 bytes)
Event: 0.605 Thread 0x0000000019eaa800 nmethod 503 0x0000000002f41d90 code [0x0000000002f41fe0, 0x0000000002f42c98]
Event: 0.609 Thread 0x0000000019eaa800  504       3       java.util.zip.ZipFile::access$400 (5 bytes)
Event: 0.609 Thread 0x0000000019eaa800 nmethod 504 0x0000000002f43e10 code [0x0000000002f43f60, 0x0000000002f44090]
Event: 0.610 Thread 0x0000000019eaa800  505       3       java.lang.String::equalsIgnoreCase (48 bytes)
Event: 0.610 Thread 0x0000000019eaa800 nmethod 505 0x0000000002f44150 code [0x0000000002f442c0, 0x0000000002f44628]
Event: 0.610 Thread 0x0000000019eaa800  506       3       java.net.URL::<init> (8 bytes)
Event: 0.611 Thread 0x0000000019eaa800 nmethod 506 0x0000000002f44750 code [0x0000000002f448c0, 0x0000000002f44a48]

GC Heap History (0 events):
No events

Deoptimization events (2 events):
Event: 0.527 Thread 0x000000001a9a1800 Uncommon trap: reason=unloaded action=reinterpret pc=0x0000000002ef44b0 method=com.devground.render.Texture.<init>(Ljava/lang/String;)V @ 187
Event: 0.538 Thread 0x000000001a9a1800 Uncommon trap: reason=unstable_if action=reinterpret pc=0x0000000002efab04 method=java.lang.String.indexOf([CII[CIII)I @ 134

Internal exceptions (10 events):
Event: 0.255 Thread 0x000000001a9a1800 Exception <a 'java/security/PrivilegedActionException'> (0x00000000d633dce0) thrown at [C:\re\workspace\8-2-build-windows-amd64-cygwin\jdk8u131\8869\hotspot\src\share\vm\prims\jvm.cpp, line 1390]
Event: 0.255 Thread 0x000000001a9a1800 Exception <a 'java/security/PrivilegedActionException'> (0x00000000d633e0d8) thrown at [C:\re\workspace\8-2-build-windows-amd64-cygwin\jdk8u131\8869\hotspot\src\share\vm\prims\jvm.cpp, line 1390]
Event: 0.256 Thread 0x000000001a9a1800 Exception <a 'java/security/PrivilegedActionException'> (0x00000000d63423b8) thrown at [C:\re\workspace\8-2-build-windows-amd64-cygwin\jdk8u131\8869\hotspot\src\share\vm\prims\jvm.cpp, line 1390]
Event: 0.256 Thread 0x000000001a9a1800 Exception <a 'java/security/PrivilegedActionException'> (0x00000000d63427b0) thrown at [C:\re\workspace\8-2-build-windows-amd64-cygwin\jdk8u131\8869\hotspot\src\share\vm\prims\jvm.cpp, line 1390]
Event: 0.260 Thread 0x000000001a9a1800 Exception <a 'java/io/FileNotFoundException'> (0x00000000d634e348) thrown at [C:\re\workspace\8-2-build-windows-amd64-cygwin\jdk8u131\8869\hotspot\src\share\vm\prims\jni.cpp, line 709]
Event: 0.296 Thread 0x000000001a9a1800 Exception <a 'java/lang/NoSuchFieldError': method resolution failed> (0x00000000d647c420) thrown at [C:\re\workspace\8-2-build-windows-amd64-cygwin\jdk8u131\8869\hotspot\src\share\vm\prims\methodHandles.cpp, line 1146]
Event: 0.297 Thread 0x000000001a9a1800 Exception <a 'java/lang/NoSuchFieldError': method resolution failed> (0x00000000d648a668) thrown at [C:\re\workspace\8-2-build-windows-amd64-cygwin\jdk8u131\8869\hotspot\src\share\vm\prims\methodHandles.cpp, line 1146]
Event: 0.555 Thread 0x000000001a9a1800 Exception <a 'java/lang/NoSuchMethodError': java.lang.Object.lambda$static$0(Ljava/lang/String;)Ljava/lang/Boolean;> (0x00000000d7aacc60) thrown at [C:\re\workspace\8-2-build-windows-amd64-cygwin\jdk8u131\8869\hotspot\src\share\vm\interpreter\linkResolver
Event: 0.603 Thread 0x000000001a9a1800 Exception <a 'sun/nio/fs/WindowsException'> (0x00000000d7bf4db8) thrown at [C:\re\workspace\8-2-build-windows-amd64-cygwin\jdk8u131\8869\hotspot\src\share\vm\prims\jni.cpp, line 709]
Event: 0.603 Thread 0x000000001a9a1800 Exception <a 'sun/nio/fs/WindowsException'> (0x00000000d7bf6800) thrown at [C:\re\workspace\8-2-build-windows-amd64-cygwin\jdk8u131\8869\hotspot\src\share\vm\prims\jni.cpp, line 709]

Events (10 events):
Event: 0.613 loading class org/lwjgl/system/jni/JNINativeInterface
Event: 0.613 loading class org/lwjgl/system/jni/JNINativeInterface done
Event: 0.614 loading class org/lwjgl/system/windows/WinBase
Event: 0.614 loading class org/lwjgl/system/windows/WinBase done
Event: 0.615 loading class org/lwjgl/opengl/GL$1
Event: 0.615 loading class org/lwjgl/opengl/GL$1 done
Event: 0.615 loading class org/lwjgl/opengl/GL$SharedLibraryGL
Event: 0.615 loading class org/lwjgl/opengl/GL$SharedLibraryGL done
Event: 0.618 loading class org/lwjgl/system/SharedLibrary$Delegate
Event: 0.618 loading class org/lwjgl/system/SharedLibrary$Delegate done


Dynamic libraries:
0x00007ff73ea50000 - 0x00007ff73ea87000 	C:\Program Files\Java\jdk1.8.0_131\bin\java.exe
0x00007ffc0a540000 - 0x00007ffc0a71b000 	C:\Windows\SYSTEM32\ntdll.dll
0x00007ffc07aa0000 - 0x00007ffc07b4e000 	C:\Windows\System32\KERNEL32.DLL
0x00007ffc07740000 - 0x00007ffc07989000 	C:\Windows\System32\KERNELBASE.dll
0x00007ffc09970000 - 0x00007ffc09a11000 	C:\Windows\System32\ADVAPI32.dll
0x00007ffc092b0000 - 0x00007ffc0934d000 	C:\Windows\System32\msvcrt.dll
0x00007ffc0a460000 - 0x00007ffc0a4b9000 	C:\Windows\System32\sechost.dll
0x00007ffc09fa0000 - 0x00007ffc0a0c5000 	C:\Windows\System32\RPCRT4.dll
0x00007ffc07c50000 - 0x00007ffc07d9a000 	C:\Windows\System32\USER32.dll
0x00007ffc06a60000 - 0x00007ffc06a7e000 	C:\Windows\System32\win32u.dll
0x00007ffc07b50000 - 0x00007ffc07b77000 	C:\Windows\System32\GDI32.dll
0x00007ffc06af0000 - 0x00007ffc06c78000 	C:\Windows\System32\gdi32full.dll
0x00007ffc06c80000 - 0x00007ffc06d1a000 	C:\Windows\System32\msvcp_win.dll
0x00007ffc06d20000 - 0x00007ffc06e16000 	C:\Windows\System32\ucrtbase.dll
0x00007ffbf8900000 - 0x00007ffbf8b67000 	C:\Windows\WinSxS\amd64_microsoft.windows.common-controls_6595b64144ccf1df_6.0.15063.0_none_108e4f62dfe5d999\COMCTL32.dll
0x00007ffc09490000 - 0x00007ffc09789000 	C:\Windows\System32\combase.dll
0x00007ffc06a80000 - 0x00007ffc06aea000 	C:\Windows\System32\bcryptPrimitives.dll
0x00007ffc09b30000 - 0x00007ffc09b5d000 	C:\Windows\System32\IMM32.DLL
0x0000000055ce0000 - 0x0000000055db2000 	C:\Program Files\Java\jdk1.8.0_131\jre\bin\msvcr100.dll
0x0000000055440000 - 0x0000000055cdc000 	C:\Program Files\Java\jdk1.8.0_131\jre\bin\server\jvm.dll
0x00007ffc09350000 - 0x00007ffc09358000 	C:\Windows\System32\PSAPI.DLL
0x00007ffc025c0000 - 0x00007ffc025c9000 	C:\Windows\SYSTEM32\WSOCK32.dll
0x00007ffc09790000 - 0x00007ffc097fc000 	C:\Windows\System32\WS2_32.dll
0x00007ffc04970000 - 0x00007ffc04993000 	C:\Windows\SYSTEM32\WINMM.dll
0x00007ffbf8eb0000 - 0x00007ffbf8eba000 	C:\Windows\SYSTEM32\VERSION.dll
0x00007ffc04900000 - 0x00007ffc0492b000 	C:\Windows\SYSTEM32\winmmbase.dll
0x00007ffc06e20000 - 0x00007ffc06e69000 	C:\Windows\System32\cfgmgr32.dll
0x0000000055430000 - 0x000000005543f000 	C:\Program Files\Java\jdk1.8.0_131\jre\bin\verify.dll
0x0000000055400000 - 0x0000000055429000 	C:\Program Files\Java\jdk1.8.0_131\jre\bin\java.dll
0x00000000553b0000 - 0x00000000553d3000 	C:\Program Files\Java\jdk1.8.0_131\jre\bin\instrument.dll
0x00000000553e0000 - 0x00000000553f6000 	C:\Program Files\Java\jdk1.8.0_131\jre\bin\zip.dll
0x00007ffc07e70000 - 0x00007ffc092a7000 	C:\Windows\System32\SHELL32.dll
0x00007ffc07da0000 - 0x00007ffc07e4a000 	C:\Windows\System32\shcore.dll
0x00007ffc06e70000 - 0x00007ffc07562000 	C:\Windows\System32\windows.storage.dll
0x00007ffc09360000 - 0x00007ffc093b1000 	C:\Windows\System32\shlwapi.dll
0x00007ffc06a40000 - 0x00007ffc06a51000 	C:\Windows\System32\kernel.appcore.dll
0x00007ffc069b0000 - 0x00007ffc069fc000 	C:\Windows\System32\powrprof.dll
0x00007ffc06a00000 - 0x00007ffc06a15000 	C:\Windows\System32\profapi.dll
0x00007ffbeed20000 - 0x00007ffbeed3a000 	C:\Program Files\JetBrains\IntelliJ IDEA 2017.1.4\bin\breakgen64.dll
0x0000000055390000 - 0x00000000553aa000 	C:\Program Files\Java\jdk1.8.0_131\jre\bin\net.dll
0x00007ffc062c0000 - 0x00007ffc0631c000 	C:\Windows\system32\mswsock.dll
0x00000000551f0000 - 0x0000000055388000 	C:\Program Files\Java\jdk1.8.0_131\jre\bin\awt.dll
0x00007ffc07b90000 - 0x00007ffc07c50000 	C:\Windows\System32\OLEAUT32.dll
0x00007ffc04f80000 - 0x00007ffc04ffe000 	C:\Windows\SYSTEM32\apphelp.dll
0x00000000551d0000 - 0x00000000551e1000 	C:\Program Files\Java\jdk1.8.0_131\jre\bin\nio.dll
0x00007ffbd5b60000 - 0x00007ffbd5bb7000 	C:\Users\devonnuri\AppData\Local\Temp\lwjgldevonnuri\3.1.2-build-29\lwjgl.dll
0x00007ffbd4ec0000 - 0x00007ffbd4f1c000 	C:\Users\devonnuri\AppData\Local\Temp\lwjgldevonnuri\3.1.2-build-29\lwjgl_opengl.dll
0x00007ffbeb720000 - 0x00007ffbeb841000 	C:\Windows\SYSTEM32\opengl32.dll
0x00007ffbf5710000 - 0x00007ffbf573c000 	C:\Windows\SYSTEM32\GLU32.dll
0x00007ffbf4f50000 - 0x00007ffbf50f9000 	C:\Windows\SYSTEM32\dbghelp.dll

VM Arguments:
jvm_args: -javaagent:C:\Program Files\JetBrains\IntelliJ IDEA 2017.1.4\lib\idea_rt.jar=5272:C:\Program Files\JetBrains\IntelliJ IDEA 2017.1.4\bin -Dfile.encoding=UTF-8 
java_command: com.devground.main.Main
java_class_path (initial): C:\Program Files\Java\jdk1.8.0_131\jre\lib\charsets.jar;C:\Program Files\Java\jdk1.8.0_131\jre\lib\deploy.jar;C:\Program Files\Java\jdk1.8.0_131\jre\lib\ext\access-bridge-64.jar;C:\Program Files\Java\jdk1.8.0_131\jre\lib\ext\cldrdata.jar;C:\Program Files\Java\jdk1.8.0_131\jre\lib\ext\dnsns.jar;C:\Program Files\Java\jdk1.8.0_131\jre\lib\ext\jaccess.jar;C:\Program Files\Java\jdk1.8.0_131\jre\lib\ext\jfxrt.jar;C:\Program Files\Java\jdk1.8.0_131\jre\lib\ext\localedata.jar;C:\Program Files\Java\jdk1.8.0_131\jre\lib\ext\nashorn.jar;C:\Program Files\Java\jdk1.8.0_131\jre\lib\ext\sunec.jar;C:\Program Files\Java\jdk1.8.0_131\jre\lib\ext\sunjce_provider.jar;C:\Program Files\Java\jdk1.8.0_131\jre\lib\ext\sunmscapi.jar;C:\Program Files\Java\jdk1.8.0_131\jre\lib\ext\sunpkcs11.jar;C:\Program Files\Java\jdk1.8.0_131\jre\lib\ext\zipfs.jar;C:\Program Files\Java\jdk1.8.0_131\jre\lib\javaws.jar;C:\Program Files\Java\jdk1.8.0_131\jre\lib\jce.jar;C:\Program Files\Java\jdk1.8.0_131\jre\lib\jfr.jar;C:\Program Files\Java\jdk1.8.0_131\jre\lib\jfxswt.jar;C:\Program Files\Java\jdk1.8.0_131\jre\lib\jsse.jar;C:\Program Files\Java\jdk1.8.0_131\jre\lib\management-agent.jar;C:\Program Files\Java\jdk1.8.0_131\jre\lib\plugin.jar;C:\Program Files\Java\jdk1.8.0_131\jre\lib\resources.jar;C:\Program Files\Java\jdk1.8.0_131\jre\lib\rt.jar;C:\devonnuri\Programming\IntelliJ\DevGround\out\production\DevGround;C:\devonnuri\Programming\IntelliJ\DevGround\lib\lwjgl.jar;C:\devonnuri\Programming\IntelliJ\DevGround\lib\lwjgl-egl.jar;C:\devonnuri\Programming\IntelliJ\DevGround\lib\lwjgl-nfd.jar;C:\devonnuri\Programming\IntelliJ\DevGround\lib\lwjgl-ovr.jar;C:\devonnuri\Programming\IntelliJ\DevGround\lib\lwjgl-par.jar;C:\devonnuri\Programming\IntelliJ\DevGround\lib\lwjgl-sse.jar;C:\devonnuri\Programming\IntelliJ\DevGround\lib\lwjgl-stb.jar;C:\devonnuri\Programming\IntelliJ\DevGround\lib\lwjgl-bgfx.jar;C:\devonnuri\Programming\IntelliJ\DevGround\lib\lwjgl-glfw.jar;C:\devonnuri\Programming
Launcher Type: SUN_STANDARD

Environment Variables:
PATH=C:\ProgramData\Oracle\Java\javapath;C:\Program Files (x86)\Common Files\Intel\Shared Libraries\redist\intel64\compiler;C:\Windows\system32;C:\Windows;C:\Windows\System32\Wbem;C:\Windows\System32\WindowsPowerShell\v1.0\;C:\Program Files (x86)\NVIDIA Corporation\PhysX\Common;C:\Program Files (x86)\Brackets\command;C:\Program Files\Git\cmd;C:\Users\devonnuri\AppData\Local\Programs\Python\Python36-32\Scripts\;C:\Users\devonnuri\AppData\Local\Programs\Python\Python36-32\;C:\Users\devonnuri\AppData\Local\Microsoft\WindowsApps;
USERNAME=devonnuri
OS=Windows_NT
PROCESSOR_IDENTIFIER=Intel64 Family 6 Model 94 Stepping 3, GenuineIntel



---------------  S Y S T E M  ---------------

OS: Windows 10.0 , 64 bit Build 15063 (10.0.15063.296)

CPU:total 8 (initial active 8) (4 cores per cpu, 2 threads per core) family 6 model 94 stepping 3, cmov, cx8, fxsr, mmx, sse, sse2, sse3, ssse3, sse4.1, sse4.2, popcnt, avx, avx2, aes, clmul, erms, rtm, 3dnowpref, lzcnt, ht, tsc, tscinvbit, bmi1, bmi2, adx

Memory: 4k page, physical 8294956k(3394432k free), swap 11702828k(5109276k free)

vm_info: Java HotSpot(TM) 64-Bit Server VM (25.131-b11) for windows-amd64 JRE (1.8.0_131-b11), built on Mar 15 2017 01:23:53 by "java_re" with MS VC++ 10.0 (VS2010)

time: Sat Jun 24 19:28:17 2017
elapsed time: 0 seconds (0d 0h 0m 0s)

