#
# A fatal error has been detected by the Java Runtime Environment:
#
#  EXCEPTION_ACCESS_VIOLATION (0xc0000005) at pc=0x00007ff90752ecfd, pid=11308, tid=0x0000000000001a54
#
# JRE version: Java(TM) SE Runtime Environment (8.0_131-b11) (build 1.8.0_131-b11)
# Java VM: Java HotSpot(TM) 64-Bit Server VM (25.131-b11 mixed mode windows-amd64 compressed oops)
# Problematic frame:
# C  [lwjgl_opengl.dll+0xecfd]
#
# Failed to write core dump. Minidumps are not enabled by default on client versions of Windows
#
# If you would like to submit a bug report, please visit:
#   http://bugreport.java.com/bugreport/crash.jsp
# The crash happened outside the Java Virtual Machine in native code.
# See problematic frame for where to report the bug.
#

---------------  T H R E A D  ---------------

Current thread (0x0000000019970800):  JavaThread "Finalizer" daemon [_thread_in_native, id=6740, stack(0x0000000019d50000,0x0000000019e50000)]

siginfo: ExceptionCode=0xc0000005, reading address 0x00000000000009d8

Registers:
RAX=0x000000005c0d0d50, RBX=0x0000000017687270, RCX=0x0000000000000001, RDX=0x000000001af04c0c
RSP=0x0000000019e4ef78, RBP=0x0000000019e4eff8, RSI=0x0000000000000435, RDI=0x0000000002ad835d
R8 =0x0000000000000001, R9 =0x000000001af04c0c, R10=0x0000000000000000, R11=0x000000005bb5bd80
R12=0x0000000000000000, R13=0x0000000017687270, R14=0x0000000019e4f028, R15=0x0000000019970800
RIP=0x00007ff90752ecfd, EFLAGS=0x0000000000010202

Top of Stack: (sp=0x0000000019e4ef78)
0x0000000019e4ef78:   0000000002ae7f74 0000000002ad835d
0x0000000019e4ef88:   0000000002ae7ceb 0000000019970800
0x0000000019e4ef98:   0000000017687270 0000000000000435
0x0000000019e4efa8:   0000000019970800 0000000002ae7ca2
0x0000000019e4efb8:   0000000019e4efb8 0000000017687270
0x0000000019e4efc8:   0000000019e4f028 00000000176a6828
0x0000000019e4efd8:   0000000000000000 0000000017687270
0x0000000019e4efe8:   0000000000000000 0000000019e4f018
0x0000000019e4eff8:   0000000019e4f070 0000000002ad835d
0x0000000019e4f008:   0000000081600120 0000000002ae19d8
0x0000000019e4f018:   000000001af04c0c 00000000d5d9c560
0x0000000019e4f028:   0000000000000001 0000000019e4f030
0x0000000019e4f038:   00000000176873c4 0000000019e4f0a0
0x0000000019e4f048:   00000000176a6828 0000000000000000
0x0000000019e4f058:   0000000017687430 0000000019e4f018
0x0000000019e4f068:   0000000019e4f0a0 0000000019e4f0e8 

Instructions: (pc=0x00007ff90752ecfd)
0x00007ff90752ecdd:   49 ff a2 00 0f 00 00 cc cc cc cc cc cc cc cc cc
0x00007ff90752eced:   cc cc cc 48 8b 01 49 8b d1 41 8b c8 4c 8b 50 18
0x00007ff90752ecfd:   49 ff a2 d8 09 00 00 cc cc cc cc cc cc cc cc cc
0x00007ff90752ed0d:   cc cc cc 48 8b 01 49 8b d1 41 8b c8 4c 8b 50 18 


Register to memory mapping:

RAX=0x000000005c0d0d50 is an unknown value
RBX={method} {0x0000000017687278} 'nglDeleteTextures' '(IJ)V' in 'org/lwjgl/opengl/GL11'
RCX=0x0000000000000001 is an unknown value
RDX=0x000000001af04c0c is an unknown value
RSP=0x0000000019e4ef78 is pointing into the stack for thread: 0x0000000019970800
RBP=0x0000000019e4eff8 is pointing into the stack for thread: 0x0000000019970800
RSI=0x0000000000000435 is an unknown value
RDI=0x0000000002ad835d is at code_begin+2301 in an Interpreter codelet
invoke return entry points  [0x0000000002ad7a60, 0x0000000002ad8440]  2528 bytes
R8 =0x0000000000000001 is an unknown value
R9 =0x000000001af04c0c is an unknown value
R10=0x0000000000000000 is an unknown value
R11=0x000000005bb5bd80 is an unknown value
R12=0x0000000000000000 is an unknown value
R13={method} {0x0000000017687278} 'nglDeleteTextures' '(IJ)V' in 'org/lwjgl/opengl/GL11'
R14=0x0000000019e4f028 is pointing into the stack for thread: 0x0000000019970800
R15=0x0000000019970800 is a thread


Stack: [0x0000000019d50000,0x0000000019e50000],  sp=0x0000000019e4ef78,  free space=1019k
Native frames: (J=compiled Java code, j=interpreted, Vv=VM code, C=native code)
C  [lwjgl_opengl.dll+0xecfd]

Java frames: (J=compiled Java code, j=interpreted, Vv=VM code)
j  org.lwjgl.opengl.GL11.nglDeleteTextures(IJ)V+0
j  org.lwjgl.opengl.GL11.glDeleteTextures(I)V+20
j  com.devground.render.Texture.finalize()V+4
j  java.lang.System$2.invokeFinalize(Ljava/lang/Object;)V+1
j  java.lang.ref.Finalizer.runFinalizer(Lsun/misc/JavaLangAccess;)V+46
j  java.lang.ref.Finalizer.access$100(Ljava/lang/ref/Finalizer;Lsun/misc/JavaLangAccess;)V+2
j  java.lang.ref.Finalizer$FinalizerThread.run()V+45
v  ~StubRoutines::call_stub

---------------  P R O C E S S  ---------------

Java Threads: ( => current thread )
  0x000000001ab58800 JavaThread "Java2D Disposer" daemon [_thread_blocked, id=14476, stack(0x0000000022860000,0x0000000022960000)]
  0x00000000029d2800 JavaThread "DestroyJavaVM" [_thread_blocked, id=17152, stack(0x0000000002750000,0x0000000002850000)]
  0x0000000019ca0800 JavaThread "DevGround" [_thread_in_vm, id=6616, stack(0x000000001a750000,0x000000001a850000)]
  0x0000000019b12800 JavaThread "Service Thread" daemon [_thread_blocked, id=10072, stack(0x000000001a550000,0x000000001a650000)]
  0x0000000019a7f000 JavaThread "C1 CompilerThread3" daemon [_thread_blocked, id=17576, stack(0x000000001a450000,0x000000001a550000)]
  0x0000000019a7a000 JavaThread "C2 CompilerThread2" daemon [_thread_blocked, id=18368, stack(0x000000001a350000,0x000000001a450000)]
  0x0000000019a75000 JavaThread "C2 CompilerThread1" daemon [_thread_blocked, id=7788, stack(0x000000001a250000,0x000000001a350000)]
  0x0000000019a6e800 JavaThread "C2 CompilerThread0" daemon [_thread_blocked, id=14036, stack(0x000000001a150000,0x000000001a250000)]
  0x0000000019a6b000 JavaThread "Monitor Ctrl-Break" daemon [_thread_in_native, id=10188, stack(0x000000001a050000,0x000000001a150000)]
  0x00000000199dc000 JavaThread "Attach Listener" daemon [_thread_blocked, id=10396, stack(0x0000000019f50000,0x000000001a050000)]
  0x0000000017a8e800 JavaThread "Signal Dispatcher" daemon [_thread_blocked, id=13788, stack(0x0000000019e50000,0x0000000019f50000)]
=>0x0000000019970800 JavaThread "Finalizer" daemon [_thread_in_native, id=6740, stack(0x0000000019d50000,0x0000000019e50000)]
  0x0000000002ac9000 JavaThread "Reference Handler" daemon [_thread_blocked, id=16148, stack(0x0000000019850000,0x0000000019950000)]

Other Threads:
  0x0000000017a79000 VMThread [stack: 0x0000000019750000,0x0000000019850000] [id=9100]
  0x0000000019b7b000 WatcherThread [stack: 0x000000001a650000,0x000000001a750000] [id=6492]

VM state:not at safepoint (normal execution)

VM Mutex/Monitor currently owned by a thread: None

Heap:
 PSYoungGen      total 38400K, used 6728K [0x00000000d5d00000, 0x00000000d8780000, 0x0000000100000000)
  eden space 33280K, 4% used [0x00000000d5d00000,0x00000000d5e95dc8,0x00000000d7d80000)
  from space 5120K, 99% used [0x00000000d7d80000,0x00000000d827c440,0x00000000d8280000)
  to   space 5120K, 0% used [0x00000000d8280000,0x00000000d8280000,0x00000000d8780000)
 ParOldGen       total 87552K, used 274K [0x0000000081600000, 0x0000000086b80000, 0x00000000d5d00000)
  object space 87552K, 0% used [0x0000000081600000,0x00000000816449f0,0x0000000086b80000)
 Metaspace       used 13016K, capacity 13261K, committed 13568K, reserved 1060864K
  class space    used 1157K, capacity 1238K, committed 1280K, reserved 1048576K

Card table byte_map: [0x0000000011e90000,0x0000000012290000] byte_map_base: 0x0000000011a85000

Marking Bits: (ParMarkBitMap*) 0x000000005c14c720
 Begin Bits: [0x0000000012d40000, 0x0000000014ce8000)
 End Bits:   [0x0000000014ce8000, 0x0000000016c90000)

Polling page: 0x0000000000a40000

CodeCache: size=245760Kb used=3566Kb max_used=3566Kb free=242193Kb
 bounds [0x0000000002ad0000, 0x0000000002e50000, 0x0000000011ad0000]
 total_blobs=1907 nmethods=983 adapters=837
 compilation: enabled

Compilation events (10 events):
Event: 3.637 Thread 0x0000000019a7a000  968   !   4       java.lang.ref.Reference::tryHandlePending (115 bytes)
Event: 3.637 Thread 0x0000000019a6e800  969  s    4       sun.misc.Cleaner::remove (89 bytes)
Event: 3.637 Thread 0x0000000019a75000  970       4       java.nio.DirectByteBuffer$Deallocator::run (37 bytes)
Event: 3.639 Thread 0x0000000019a75000 nmethod 970 0x0000000002e3c050 code [0x0000000002e3c1a0, 0x0000000002e3c2c8]
Event: 3.639 Thread 0x0000000019a75000  971       4       java.nio.Bits::unreserveMemory (63 bytes)
Event: 3.639 Thread 0x0000000019a6e800 nmethod 969 0x0000000002e3ba50 code [0x0000000002e3bba0, 0x0000000002e3be98]
Event: 3.639 Thread 0x0000000019a75000 nmethod 971 0x0000000002e12b50 code [0x0000000002e12c80, 0x0000000002e12cf8]
Event: 3.640 Thread 0x0000000019a7f000  972       3       sun.misc.VM::addFinalRefCount (24 bytes)
Event: 3.640 Thread 0x0000000019a7f000 nmethod 972 0x0000000002e3d190 code [0x0000000002e3d2e0, 0x0000000002e3d490]
Event: 3.640 Thread 0x0000000019a7f000  974   !   3       java.lang.ref.ReferenceQueue::enqueue (119 bytes)

GC Heap History (2 events):
Event: 3.627 GC heap before
{Heap before GC invocations=1 (full 0):
 PSYoungGen      total 38400K, used 33280K [0x00000000d5d00000, 0x00000000d8780000, 0x0000000100000000)
  eden space 33280K, 100% used [0x00000000d5d00000,0x00000000d7d80000,0x00000000d7d80000)
  from space 5120K, 0% used [0x00000000d8280000,0x00000000d8280000,0x00000000d8780000)
  to   space 5120K, 0% used [0x00000000d7d80000,0x00000000d7d80000,0x00000000d8280000)
 ParOldGen       total 87552K, used 0K [0x0000000081600000, 0x0000000086b80000, 0x00000000d5d00000)
  object space 87552K, 0% used [0x0000000081600000,0x0000000081600000,0x0000000086b80000)
 Metaspace       used 13006K, capacity 13261K, committed 13568K, reserved 1060864K
  class space    used 1157K, capacity 1238K, committed 1280K, reserved 1048576K
Event: 3.633 GC heap after
Heap after GC invocations=1 (full 0):
 PSYoungGen      total 38400K, used 5105K [0x00000000d5d00000, 0x00000000d8780000, 0x0000000100000000)
  eden space 33280K, 0% used [0x00000000d5d00000,0x00000000d5d00000,0x00000000d7d80000)
  from space 5120K, 99% used [0x00000000d7d80000,0x00000000d827c440,0x00000000d8280000)
  to   space 5120K, 0% used [0x00000000d8280000,0x00000000d8280000,0x00000000d8780000)
 ParOldGen       total 87552K, used 274K [0x0000000081600000, 0x0000000086b80000, 0x00000000d5d00000)
  object space 87552K, 0% used [0x0000000081600000,0x00000000816449f0,0x0000000086b80000)
 Metaspace       used 13006K, capacity 13261K, committed 13568K, reserved 1060864K
  class space    used 1157K, capacity 1238K, committed 1280K, reserved 1048576K
}

Deoptimization events (2 events):
Event: 0.249 Thread 0x0000000019ca0800 Uncommon trap: reason=null_check action=make_not_entrant pc=0x0000000002c4e0dc method=java.lang.String.equals(Ljava/lang/Object;)Z @ 8
Event: 3.641 Thread 0x0000000019970800 Uncommon trap: reason=unstable_if action=reinterpret pc=0x0000000002e330ac method=java.lang.ThreadLocal.get()Ljava/lang/Object; @ 11

Internal exceptions (10 events):
Event: 0.192 Thread 0x0000000019ca0800 Exception <a 'java/lang/NoSuchFieldError': method resolution failed> (0x00000000d6324de0) thrown at [C:\re\workspace\8-2-build-windows-amd64-cygwin\jdk8u131\8869\hotspot\src\share\vm\prims\methodHandles.cpp, line 1146]
Event: 0.238 Thread 0x0000000019ca0800 Exception <a 'java/security/PrivilegedActionException'> (0x00000000d64d3de8) thrown at [C:\re\workspace\8-2-build-windows-amd64-cygwin\jdk8u131\8869\hotspot\src\share\vm\prims\jvm.cpp, line 1390]
Event: 0.238 Thread 0x0000000019ca0800 Exception <a 'java/security/PrivilegedActionException'> (0x00000000d64d3ff8) thrown at [C:\re\workspace\8-2-build-windows-amd64-cygwin\jdk8u131\8869\hotspot\src\share\vm\prims\jvm.cpp, line 1390]
Event: 0.238 Thread 0x0000000019ca0800 Exception <a 'java/security/PrivilegedActionException'> (0x00000000d64d7f08) thrown at [C:\re\workspace\8-2-build-windows-amd64-cygwin\jdk8u131\8869\hotspot\src\share\vm\prims\jvm.cpp, line 1390]
Event: 0.238 Thread 0x0000000019ca0800 Exception <a 'java/security/PrivilegedActionException'> (0x00000000d64d8118) thrown at [C:\re\workspace\8-2-build-windows-amd64-cygwin\jdk8u131\8869\hotspot\src\share\vm\prims\jvm.cpp, line 1390]
Event: 0.249 Thread 0x0000000019ca0800 Implicit null exception at 0x0000000002c4df1b to 0x0000000002c4e0cd
Event: 2.783 Thread 0x0000000019ca0800 Exception <a 'sun/nio/fs/WindowsException'> (0x00000000d6712380) thrown at [C:\re\workspace\8-2-build-windows-amd64-cygwin\jdk8u131\8869\hotspot\src\share\vm\prims\jni.cpp, line 709]
Event: 2.783 Thread 0x0000000019ca0800 Exception <a 'sun/nio/fs/WindowsException'> (0x00000000d6713dc8) thrown at [C:\re\workspace\8-2-build-windows-amd64-cygwin\jdk8u131\8869\hotspot\src\share\vm\prims\jni.cpp, line 709]
Event: 3.192 Thread 0x0000000019ca0800 Exception <a 'java/io/FileNotFoundException'> (0x00000000d74f50a8) thrown at [C:\re\workspace\8-2-build-windows-amd64-cygwin\jdk8u131\8869\hotspot\src\share\vm\prims\jni.cpp, line 709]
Event: 3.641 Thread 0x0000000019970800 Implicit null exception at 0x0000000002e32fdc to 0x0000000002e33095

Events (10 events):
Event: 3.270 loading class com/devground/collision/Collision done
Event: 3.465 Thread 0x0000000019ca0800 DEOPT PACKING pc=0x0000000002df5940 sp=0x000000001a84f070
Event: 3.465 Thread 0x0000000019ca0800 DEOPT UNPACKING pc=0x0000000002b1787f sp=0x000000001a84ee30 mode 0
Event: 3.536 loading class java/nio/DirectByteBuffer$1
Event: 3.537 loading class java/nio/DirectByteBuffer$1 done
Event: 3.627 Executing VM operation: ParallelGCFailedAllocation
Event: 3.633 Executing VM operation: ParallelGCFailedAllocation done
Event: 3.641 Thread 0x0000000019970800 Uncommon trap: trap_request=0xffffff65 fr.pc=0x0000000002e330ac
Event: 3.641 Thread 0x0000000019970800 DEOPT PACKING pc=0x0000000002e330ac sp=0x0000000019e4ef90
Event: 3.641 Thread 0x0000000019970800 DEOPT UNPACKING pc=0x0000000002b1582a sp=0x0000000019e4ef30 mode 2


Dynamic libraries:
0x00007ff6ff690000 - 0x00007ff6ff6c7000 	C:\Program Files\Java\jdk1.8.0_131\bin\java.exe
0x00007ff934450000 - 0x00007ff93462b000 	C:\Windows\SYSTEM32\ntdll.dll
0x00007ff931fe0000 - 0x00007ff93208e000 	C:\Windows\System32\KERNEL32.DLL
0x00007ff930c50000 - 0x00007ff930e99000 	C:\Windows\System32\KERNELBASE.dll
0x00007ff931a60000 - 0x00007ff931b01000 	C:\Windows\System32\ADVAPI32.dll
0x00007ff931e20000 - 0x00007ff931ebd000 	C:\Windows\System32\msvcrt.dll
0x00007ff932600000 - 0x00007ff932659000 	C:\Windows\System32\sechost.dll
0x00007ff932130000 - 0x00007ff932255000 	C:\Windows\System32\RPCRT4.dll
0x00007ff932840000 - 0x00007ff93298a000 	C:\Windows\System32\USER32.dll
0x00007ff930b40000 - 0x00007ff930b5e000 	C:\Windows\System32\win32u.dll
0x00007ff932090000 - 0x00007ff9320b7000 	C:\Windows\System32\GDI32.dll
0x00007ff931050000 - 0x00007ff9311d8000 	C:\Windows\System32\gdi32full.dll
0x00007ff930bb0000 - 0x00007ff930c4a000 	C:\Windows\System32\msvcp_win.dll
0x00007ff930ea0000 - 0x00007ff930f96000 	C:\Windows\System32\ucrtbase.dll
0x00007ff9211a0000 - 0x00007ff921407000 	C:\Windows\WinSxS\amd64_microsoft.windows.common-controls_6595b64144ccf1df_6.0.15063.483_none_26002d27e7c744a2\COMCTL32.dll
0x00007ff931b20000 - 0x00007ff931e19000 	C:\Windows\System32\combase.dll
0x00007ff9311e0000 - 0x00007ff93124a000 	C:\Windows\System32\bcryptPrimitives.dll
0x00007ff932990000 - 0x00007ff9329bd000 	C:\Windows\System32\IMM32.DLL
0x000000005db90000 - 0x000000005dc62000 	C:\Program Files\Java\jdk1.8.0_131\jre\bin\msvcr100.dll
0x000000005b930000 - 0x000000005c1cc000 	C:\Program Files\Java\jdk1.8.0_131\jre\bin\server\jvm.dll
0x00007ff931b10000 - 0x00007ff931b18000 	C:\Windows\System32\PSAPI.DLL
0x00007ff92ed80000 - 0x00007ff92eda3000 	C:\Windows\SYSTEM32\WINMM.dll
0x00007ff9229a0000 - 0x00007ff9229aa000 	C:\Windows\SYSTEM32\VERSION.dll
0x00007ff92ee30000 - 0x00007ff92ee39000 	C:\Windows\SYSTEM32\WSOCK32.dll
0x00007ff9320c0000 - 0x00007ff93212c000 	C:\Windows\System32\WS2_32.dll
0x00007ff92ed10000 - 0x00007ff92ed3b000 	C:\Windows\SYSTEM32\WINMMBASE.dll
0x00007ff930b60000 - 0x00007ff930ba9000 	C:\Windows\System32\cfgmgr32.dll
0x000000005eba0000 - 0x000000005ebaf000 	C:\Program Files\Java\jdk1.8.0_131\jre\bin\verify.dll
0x000000005eb70000 - 0x000000005eb99000 	C:\Program Files\Java\jdk1.8.0_131\jre\bin\java.dll
0x000000005db60000 - 0x000000005db83000 	C:\Program Files\Java\jdk1.8.0_131\jre\bin\instrument.dll
0x000000005eb50000 - 0x000000005eb66000 	C:\Program Files\Java\jdk1.8.0_131\jre\bin\zip.dll
0x00007ff933010000 - 0x00007ff934447000 	C:\Windows\System32\SHELL32.dll
0x00007ff9319b0000 - 0x00007ff931a5a000 	C:\Windows\System32\shcore.dll
0x00007ff9312b0000 - 0x00007ff9319a2000 	C:\Windows\System32\windows.storage.dll
0x00007ff931ec0000 - 0x00007ff931f11000 	C:\Windows\System32\shlwapi.dll
0x00007ff9308e0000 - 0x00007ff9308f1000 	C:\Windows\System32\kernel.appcore.dll
0x00007ff930900000 - 0x00007ff93094c000 	C:\Windows\System32\powrprof.dll
0x00007ff930950000 - 0x00007ff930965000 	C:\Windows\System32\profapi.dll
0x00007ff926cc0000 - 0x00007ff926cda000 	C:\Program Files\JetBrains\IntelliJ IDEA 2017.1.4\bin\breakgen64.dll
0x000000005b910000 - 0x000000005b92a000 	C:\Program Files\Java\jdk1.8.0_131\jre\bin\net.dll
0x00007ff9301d0000 - 0x00007ff93022c000 	C:\Windows\system32\mswsock.dll
0x000000005b8f0000 - 0x000000005b901000 	C:\Program Files\Java\jdk1.8.0_131\jre\bin\nio.dll
0x00007ff90b7b0000 - 0x00007ff90b807000 	C:\Users\devonnuri\AppData\Local\Temp\lwjgldevonnuri\3.1.2-build-29\lwjgl.dll
0x00007ff9078a0000 - 0x00007ff9078dd000 	C:\Users\DEVONN~1\AppData\Local\Temp\lwjgldevonnuri\3.1.2-build-29\glfw.dll
0x00007ff92efd0000 - 0x00007ff92f065000 	C:\Windows\system32\uxtheme.dll
0x00007ff907580000 - 0x00007ff9075c2000 	C:\Windows\SYSTEM32\dinput8.dll
0x00007ff926e00000 - 0x00007ff926e0e000 	C:\Windows\SYSTEM32\xinput1_4.dll
0x00007ff92f3e0000 - 0x00007ff92f408000 	C:\Windows\SYSTEM32\DEVOBJ.dll
0x00007ff92d480000 - 0x00007ff92d4aa000 	C:\Windows\SYSTEM32\dwmapi.dll
0x00007ff9323f0000 - 0x00007ff932556000 	C:\Windows\System32\MSCTF.dll
0x00007ff931f20000 - 0x00007ff931fe0000 	C:\Windows\System32\OLEAUT32.dll
0x00007ff92f6a0000 - 0x00007ff92f6ad000 	C:\Windows\SYSTEM32\HID.DLL
0x00007ff9329c0000 - 0x00007ff932dfb000 	C:\Windows\System32\SETUPAPI.DLL
0x00007ff931250000 - 0x00007ff9312a6000 	C:\Windows\System32\WINTRUST.dll
0x00007ff9308c0000 - 0x00007ff9308d1000 	C:\Windows\System32\MSASN1.dll
0x00007ff930970000 - 0x00007ff930b39000 	C:\Windows\System32\CRYPT32.dll
0x00007ff918a80000 - 0x00007ff918ba1000 	C:\Windows\SYSTEM32\opengl32.dll
0x00007ff922460000 - 0x00007ff92248c000 	C:\Windows\SYSTEM32\GLU32.dll
0x0000000059680000 - 0x000000005b8e8000 	C:\Windows\SYSTEM32\nvoglv64.DLL
0x00007ff92ccc0000 - 0x00007ff92ccd3000 	C:\Windows\SYSTEM32\WTSAPI32.dll
0x00007ff92fc20000 - 0x00007ff92fc51000 	C:\Windows\SYSTEM32\ntmarta.dll
0x00007ff918e50000 - 0x00007ff919027000 	C:\Windows\system32\nvspcap64.dll
0x00007ff9326f0000 - 0x00007ff932835000 	C:\Windows\System32\ole32.dll
0x00007ff92c1a0000 - 0x00007ff92c277000 	C:\Windows\SYSTEM32\WINHTTP.dll
0x00007ff9193f0000 - 0x00007ff91982e000 	C:\Windows\system32\nvapi64.dll
0x00007ff92f730000 - 0x00007ff92f7d4000 	C:\Windows\SYSTEM32\dxgi.dll
0x00007ff92fa20000 - 0x00007ff92fa75000 	C:\Windows\SYSTEM32\WINSTA.dll
0x00007ff92d700000 - 0x00007ff92d9df000 	C:\Windows\system32\d3d11.dll
0x00007ff8f9ee0000 - 0x00007ff8f9fc1000 	C:\Windows\System32\DriverStore\FileRepository\nvmii.inf_amd64_03000c7e8c0ed100\nvldumdx.dll
0x00007ff9322c0000 - 0x00007ff9322dd000 	C:\Windows\System32\imagehlp.dll
0x00007ff930370000 - 0x00007ff930387000 	C:\Windows\SYSTEM32\CRYPTSP.dll
0x00007ff92fdf0000 - 0x00007ff92fe24000 	C:\Windows\system32\rsaenh.dll
0x00007ff930480000 - 0x00007ff9304a5000 	C:\Windows\SYSTEM32\bcrypt.dll
0x00007ff930390000 - 0x00007ff93039b000 	C:\Windows\SYSTEM32\CRYPTBASE.dll
0x00007ff8df9b0000 - 0x00007ff8e133e000 	C:\Windows\System32\DriverStore\FileRepository\nvmii.inf_amd64_03000c7e8c0ed100\nvwgf2umx.dll
0x00007ff92e550000 - 0x00007ff92e672000 	C:\Windows\SYSTEM32\dcomp.dll
0x00007ff927ac0000 - 0x00007ff927b42000 	C:\Windows\System32\TextInputFramework.dll
0x00007ff928c10000 - 0x00007ff928ee2000 	C:\Windows\System32\CoreUIComponents.dll
0x00007ff92e420000 - 0x00007ff92e503000 	C:\Windows\System32\CoreMessaging.dll
0x00007ff92cb80000 - 0x00007ff92ccb9000 	C:\Windows\SYSTEM32\wintypes.dll
0x00007ff92d4b0000 - 0x00007ff92d4c5000 	C:\Windows\SYSTEM32\usermgrcli.dll
0x00007ff907520000 - 0x00007ff90757c000 	C:\Users\devonnuri\AppData\Local\Temp\lwjgldevonnuri\3.1.2-build-29\lwjgl_opengl.dll
0x00000000594e0000 - 0x0000000059678000 	C:\Program Files\Java\jdk1.8.0_131\jre\bin\awt.dll
0x00007ff92ee90000 - 0x00007ff92ef0e000 	C:\Windows\SYSTEM32\apphelp.dll
0x00007ff932560000 - 0x00007ff9325fe000 	C:\Windows\System32\clbcatq.dll
0x00007ff9224e0000 - 0x00007ff9225ab000 	C:\Windows\System32\IME\IMEKR\imkrtip.dll
0x00007ff92d210000 - 0x00007ff92d3a6000 	C:\Windows\SYSTEM32\PROPSYS.dll
0x00007ff9217c0000 - 0x00007ff921910000 	C:\Windows\System32\IME\shared\imetip.dll
0x00007ff91ba20000 - 0x00007ff91bbcb000 	C:\Windows\SYSTEM32\DUI70.dll
0x00007ff92bba0000 - 0x00007ff92bc0b000 	C:\Windows\SYSTEM32\OLEACC.dll
0x00007ff928150000 - 0x00007ff92818c000 	C:\Windows\System32\IME\IMEKR\imkrapi.dll
0x00007ff922f40000 - 0x00007ff922f77000 	C:\Windows\System32\IME\shared\imjkapi.dll
0x00007ff91d900000 - 0x00007ff91daa9000 	C:\Windows\SYSTEM32\dbghelp.dll

VM Arguments:
jvm_args: -javaagent:C:\Program Files\JetBrains\IntelliJ IDEA 2017.1.4\lib\idea_rt.jar=12258:C:\Program Files\JetBrains\IntelliJ IDEA 2017.1.4\bin -Dfile.encoding=UTF-8 
java_command: com.devground.main.Main
java_class_path (initial): C:\Program Files\Java\jdk1.8.0_131\jre\lib\charsets.jar;C:\Program Files\Java\jdk1.8.0_131\jre\lib\deploy.jar;C:\Program Files\Java\jdk1.8.0_131\jre\lib\ext\access-bridge-64.jar;C:\Program Files\Java\jdk1.8.0_131\jre\lib\ext\cldrdata.jar;C:\Program Files\Java\jdk1.8.0_131\jre\lib\ext\dnsns.jar;C:\Program Files\Java\jdk1.8.0_131\jre\lib\ext\jaccess.jar;C:\Program Files\Java\jdk1.8.0_131\jre\lib\ext\jfxrt.jar;C:\Program Files\Java\jdk1.8.0_131\jre\lib\ext\localedata.jar;C:\Program Files\Java\jdk1.8.0_131\jre\lib\ext\nashorn.jar;C:\Program Files\Java\jdk1.8.0_131\jre\lib\ext\sunec.jar;C:\Program Files\Java\jdk1.8.0_131\jre\lib\ext\sunjce_provider.jar;C:\Program Files\Java\jdk1.8.0_131\jre\lib\ext\sunmscapi.jar;C:\Program Files\Java\jdk1.8.0_131\jre\lib\ext\sunpkcs11.jar;C:\Program Files\Java\jdk1.8.0_131\jre\lib\ext\zipfs.jar;C:\Program Files\Java\jdk1.8.0_131\jre\lib\javaws.jar;C:\Program Files\Java\jdk1.8.0_131\jre\lib\jce.jar;C:\Program Files\Java\jdk1.8.0_131\jre\lib\jfr.jar;C:\Program Files\Java\jdk1.8.0_131\jre\lib\jfxswt.jar;C:\Program Files\Java\jdk1.8.0_131\jre\lib\jsse.jar;C:\Program Files\Java\jdk1.8.0_131\jre\lib\management-agent.jar;C:\Program Files\Java\jdk1.8.0_131\jre\lib\plugin.jar;C:\Program Files\Java\jdk1.8.0_131\jre\lib\resources.jar;C:\Program Files\Java\jdk1.8.0_131\jre\lib\rt.jar;C:\devonnuri\Programming\IntelliJ\DevGround\out\production\DevGround;C:\devonnuri\Programming\IntelliJ\DevGround\lib\lwjgl-glfw.jar;C:\devonnuri\Programming\IntelliJ\DevGround\lib\lwjgl-opengl.jar;C:\devonnuri\Programming\IntelliJ\DevGround\lib\lwjgl-openal.jar;C:\devonnuri\Programming\IntelliJ\DevGround\lib\lwjgl-opengles.jar;C:\devonnuri\Programming\IntelliJ\DevGround\lib\lwjgl.jar;C:\devonnuri\Programming\IntelliJ\DevGround\lib\lwjgl-glfw-natives-windows.jar;C:\devonnuri\Programming\IntelliJ\DevGround\lib\lwjgl-natives-windows.jar;C:\devonnuri\Programming\IntelliJ\DevGround\lib\lwjgl-openal-natives-windows.jar;C:\devonnuri\Programming\Int
Launcher Type: SUN_STANDARD

Environment Variables:
PATH=C:\ProgramData\Oracle\Java\javapath;C:\Program Files (x86)\Common Files\Intel\Shared Libraries\redist\intel64\compiler;C:\Windows\system32;C:\Windows;C:\Windows\System32\Wbem;C:\Windows\System32\WindowsPowerShell\v1.0\;C:\Program Files (x86)\NVIDIA Corporation\PhysX\Common;C:\Program Files (x86)\Brackets\command;C:\Program Files\Git\cmd;C:\Users\devonnuri\AppData\Local\Programs\Python\Python36-32\Scripts\;C:\Users\devonnuri\AppData\Local\Programs\Python\Python36-32\;C:\Users\devonnuri\AppData\Local\Microsoft\WindowsApps;
USERNAME=devonnuri
OS=Windows_NT
PROCESSOR_IDENTIFIER=Intel64 Family 6 Model 94 Stepping 3, GenuineIntel



---------------  S Y S T E M  ---------------

OS: Windows 10.0 , 64 bit Build 15063 (10.0.15063.296)

CPU:total 8 (initial active 8) (4 cores per cpu, 2 threads per core) family 6 model 94 stepping 3, cmov, cx8, fxsr, mmx, sse, sse2, sse3, ssse3, sse4.1, sse4.2, popcnt, avx, avx2, aes, clmul, erms, rtm, 3dnowpref, lzcnt, ht, tsc, tscinvbit, bmi1, bmi2, adx

Memory: 4k page, physical 8294956k(2357116k free), swap 12358188k(2747276k free)

vm_info: Java HotSpot(TM) 64-Bit Server VM (25.131-b11) for windows-amd64 JRE (1.8.0_131-b11), built on Mar 15 2017 01:23:53 by "java_re" with MS VC++ 10.0 (VS2010)

time: Thu Jul 20 21:28:32 2017
elapsed time: 3 seconds (0d 0h 0m 3s)

